2019-04-06T20:24:25.290208Z 0 [Warning] TIMESTAMP with implicit DEFAULT value is deprecated. Please use --explicit_defaults_for_timestamp server option (see documentation for more details).
2019-04-06T20:24:25.294297Z 0 [Note] /usr/sbin/mysqld (mysqld 5.7.23) starting as process 29 ...
2019-04-06T20:24:25.323032Z 0 [Note] InnoDB: PUNCH HOLE support available
2019-04-06T20:24:25.323074Z 0 [Note] InnoDB: Mutexes and rw_locks use GCC atomic builtins
2019-04-06T20:24:25.323081Z 0 [Note] InnoDB: Uses event mutexes
2019-04-06T20:24:25.323087Z 0 [Note] InnoDB: GCC builtin __atomic_thread_fence() is used for memory barrier
2019-04-06T20:24:25.323091Z 0 [Note] InnoDB: Compressed tables use zlib 1.2.3
2019-04-06T20:24:25.323096Z 0 [Note] InnoDB: Using Linux native AIO
2019-04-06T20:24:25.323440Z 0 [Note] InnoDB: Number of pools: 1
2019-04-06T20:24:25.324291Z 0 [Note] InnoDB: Using CPU crc32 instructions
2019-04-06T20:24:25.329589Z 0 [Note] InnoDB: Initializing buffer pool, total size = 32M, instances = 1, chunk size = 32M
2019-04-06T20:24:25.339997Z 0 [Note] InnoDB: Completed initialization of buffer pool
2019-04-06T20:24:25.341157Z 0 [Note] InnoDB: If the mysqld execution user is authorized, page cleaner thread priority can be changed. See the man page of setpriority().
2019-04-06T20:24:25.370990Z 0 [Note] InnoDB: Highest supported file format is Barracuda.
2019-04-06T20:24:25.374049Z 0 [Note] InnoDB: Log scan progressed past the checkpoint lsn 2588963
2019-04-06T20:24:25.374206Z 0 [Note] InnoDB: Doing recovery: scanned up to log sequence number 2591784
2019-04-06T20:24:25.377341Z 0 [Note] InnoDB: Database was not shutdown normally!
2019-04-06T20:24:25.377365Z 0 [Note] InnoDB: Starting crash recovery.
2019-04-06T20:24:26.121513Z 0 [Note] InnoDB: Starting an apply batch of log records to the database...
InnoDB: Progress in percent: 16 17 18 19 20 21 22 23 24 25 26 27 28 29 30 31 32 33 34 35 36 37 38 39 40 41 42 43 44 45 46 47 48 49 50 51 52 53 54 55 56 57 58 59 60 61 62 63 64 65 66 67 68 69 70 71 72 73 74 75 76 77 78 79 80 81 82 83 84 85 86 87 88 89 90 91 92 93 94 95 96 97 98 99 
2019-04-06T20:24:26.130206Z 0 [Note] InnoDB: Apply batch completed
2019-04-06T20:24:26.256351Z 0 [Note] InnoDB: Removed temporary tablespace data file: "ibtmp1"
2019-04-06T20:24:26.256379Z 0 [Note] InnoDB: Creating shared tablespace for temporary tables
2019-04-06T20:24:26.256472Z 0 [Note] InnoDB: Setting file './ibtmp1' size to 12 MB. Physically writing the file full; Please wait ...
2019-04-06T20:24:26.341693Z 0 [Note] InnoDB: File './ibtmp1' size is now 12 MB.
2019-04-06T20:24:26.342607Z 0 [Note] InnoDB: 96 redo rollback segment(s) found. 96 redo rollback segment(s) are active.
2019-04-06T20:24:26.342641Z 0 [Note] InnoDB: 32 non-redo rollback segment(s) are active.
2019-04-06T20:24:26.343934Z 0 [Note] InnoDB: Waiting for purge to start
2019-04-06T20:24:26.397022Z 0 [Note] InnoDB: 5.7.23 started; log sequence number 2591784
2019-04-06T20:24:26.400714Z 0 [Note] Plugin 'FEDERATED' is disabled.
2019-04-06T20:24:26.408200Z 0 [Note] InnoDB: Loading buffer pool(s) from /var/lib/mysql/ib_buffer_pool
2019-04-06T20:24:26.413135Z 0 [Warning] Failed to set up SSL because of the following SSL library error: SSL context is not usable without certificate and private key
2019-04-06T20:24:26.413158Z 0 [Note] Server hostname (bind-address): '*'; port: 3306
2019-04-06T20:24:26.413688Z 0 [Note] IPv6 is available.
2019-04-06T20:24:26.413713Z 0 [Note]   - '::' resolves to '::';
2019-04-06T20:24:26.413720Z 0 [Note] Server socket created on IP: '::'.
2019-04-06T20:24:26.420320Z 0 [Warning] Insecure configuration for --pid-file: Location '/var/run/mysqld' in the path is accessible to all OS users. Consider choosing a different directory.
2019-04-06T20:24:26.421988Z 0 [ERROR] /usr/sbin/mysqld: Table './mysql/user' is marked as crashed and should be repaired
2019-04-06T20:24:26.422219Z 0 [Warning] Checking table:   './mysql/user'
2019-04-06T20:24:26.422237Z 0 [ERROR] 1 client is using or hasn't closed the table properly
2019-04-06T20:24:26.423982Z 0 [Warning] 'user' entry 'root@localhost' ignored in --skip-name-resolve mode.
2019-04-06T20:24:26.424038Z 0 [Warning] 'user' entry 'mysql.session@localhost' ignored in --skip-name-resolve mode.
2019-04-06T20:24:26.424050Z 0 [Warning] 'user' entry 'mysql.sys@localhost' ignored in --skip-name-resolve mode.
2019-04-06T20:24:26.427974Z 0 [Note] InnoDB: Buffer pool(s) load completed at 190406 20:24:26
2019-04-06T20:24:26.428241Z 0 [Warning] 'db' entry 'performance_schema mysql.session@localhost' ignored in --skip-name-resolve mode.
2019-04-06T20:24:26.428256Z 0 [Warning] 'db' entry 'sys mysql.sys@localhost' ignored in --skip-name-resolve mode.
2019-04-06T20:24:26.428825Z 0 [Warning] 'proxies_priv' entry '@ root@localhost' ignored in --skip-name-resolve mode.
2019-04-06T20:24:26.430938Z 0 [Warning] 'tables_priv' entry 'user mysql.session@localhost' ignored in --skip-name-resolve mode.
2019-04-06T20:24:26.430968Z 0 [Warning] 'tables_priv' entry 'sys_config mysql.sys@localhost' ignored in --skip-name-resolve mode.
2019-04-06T20:24:26.492452Z 0 [Note] Event Scheduler: Loaded 0 events
2019-04-06T20:24:26.501799Z 0 [Note] /usr/sbin/mysqld: ready for connections.
Version: '5.7.23'  socket: '/var/run/mysqld/mysqld.sock'  port: 3306  MySQL Community Server (GPL)
2019-04-06T20:24:35.193295Z 4 [ERROR] /usr/sbin/mysqld: Table './mysql/proc' is marked as crashed and should be repaired
2019-04-06T20:24:35.193466Z 4 [Warning] Checking table:   './mysql/proc'
2019-04-06T20:24:35.236134Z 6 [Warning] 'user' entry 'root@localhost' ignored in --skip-name-resolve mode.
2019-04-06T20:24:35.236157Z 6 [Warning] 'user' entry 'mysql.session@localhost' ignored in --skip-name-resolve mode.
2019-04-06T20:24:35.236164Z 6 [Warning] 'user' entry 'mysql.sys@localhost' ignored in --skip-name-resolve mode.
2019-04-06T20:24:35.236179Z 6 [Warning] 'db' entry 'performance_schema mysql.session@localhost' ignored in --skip-name-resolve mode.
2019-04-06T20:24:35.236183Z 6 [Warning] 'db' entry 'sys mysql.sys@localhost' ignored in --skip-name-resolve mode.
2019-04-06T20:24:35.236191Z 6 [Warning] 'proxies_priv' entry '@ root@localhost' ignored in --skip-name-resolve mode.
2019-04-06T20:24:35.236309Z 6 [Warning] 'tables_priv' entry 'user mysql.session@localhost' ignored in --skip-name-resolve mode.
2019-04-06T20:24:35.236317Z 6 [Warning] 'tables_priv' entry 'sys_config mysql.sys@localhost' ignored in --skip-name-resolve mode.
2019-04-07T01:54:52.678197Z 0 [Note] InnoDB: page_cleaner: 1000ms intended loop took 17911419ms. The settings might not be optimal. (flushed=0 and evicted=0, during the time.)
2019-04-07T16:39:52.131324Z 0 [Note] InnoDB: page_cleaner: 1000ms intended loop took 52280201ms. The settings might not be optimal. (flushed=0 and evicted=0, during the time.)
2019-04-07T17:31:44.798472Z 0 [Note] InnoDB: page_cleaner: 1000ms intended loop took 3023503ms. The settings might not be optimal. (flushed=0 and evicted=0, during the time.)
2019-04-07T19:19:22.362206Z 0 [Note] InnoDB: page_cleaner: 1000ms intended loop took 5767733ms. The settings might not be optimal. (flushed=0 and evicted=0, during the time.)
2019-04-07T21:28:06.171340Z 0 [Note] InnoDB: page_cleaner: 1000ms intended loop took 4453648ms. The settings might not be optimal. (flushed=0 and evicted=0, during the time.)
2019-04-08T07:45:39.030364Z 0 [Note] InnoDB: page_cleaner: 1000ms intended loop took 31442099ms. The settings might not be optimal. (flushed=0 and evicted=0, during the time.)
2019-04-08T08:14:01.496257Z 0 [Note] InnoDB: page_cleaner: 1000ms intended loop took 109808ms. The settings might not be optimal. (flushed=0 and evicted=0, during the time.)
2019-04-08T09:42:16.870378Z 0 [Note] InnoDB: page_cleaner: 1000ms intended loop took 1437676ms. The settings might not be optimal. (flushed=0 and evicted=0, during the time.)
2019-04-08T11:14:47.300310Z 0 [Note] InnoDB: page_cleaner: 1000ms intended loop took 4570514ms. The settings might not be optimal. (flushed=0 and evicted=0, during the time.)
2019-04-08T12:34:14.311243Z 0 [Note] InnoDB: page_cleaner: 1000ms intended loop took 2526972ms. The settings might not be optimal. (flushed=0 and evicted=0, during the time.)
2019-04-09T07:31:28.606828Z 0 [Note] Giving 0 client threads a chance to die gracefully
2019-04-09T07:31:28.612145Z 0 [Note] Shutting down slave threads
2019-04-09T07:31:28.612259Z 0 [Note] Forcefully disconnecting 0 remaining clients
2019-04-09T07:31:28.612275Z 0 [Note] Event Scheduler: Purging the queue. 0 events
2019-04-09T07:31:28.612379Z 0 [Note] Binlog end
2019-04-09T07:31:28.616277Z 0 [Note] Shutting down plugin 'ngram'
2019-04-09T07:31:28.616302Z 0 [Note] Shutting down plugin 'partition'
2019-04-09T07:31:28.616305Z 0 [Note] Shutting down plugin 'BLACKHOLE'
2019-04-09T07:31:28.616308Z 0 [Note] Shutting down plugin 'ARCHIVE'
2019-04-09T07:31:28.616311Z 0 [Note] Shutting down plugin 'PERFORMANCE_SCHEMA'
2019-04-09T07:31:28.616333Z 0 [Note] Shutting down plugin 'MRG_MYISAM'
2019-04-09T07:31:28.616338Z 0 [Note] Shutting down plugin 'MyISAM'
2019-04-09T07:31:28.616349Z 0 [Note] Shutting down plugin 'INNODB_SYS_VIRTUAL'
2019-04-09T07:31:28.616352Z 0 [Note] Shutting down plugin 'INNODB_SYS_DATAFILES'
2019-04-09T07:31:28.616355Z 0 [Note] Shutting down plugin 'INNODB_SYS_TABLESPACES'
2019-04-09T07:31:28.616357Z 0 [Note] Shutting down plugin 'INNODB_SYS_FOREIGN_COLS'
2019-04-09T07:31:28.616359Z 0 [Note] Shutting down plugin 'INNODB_SYS_FOREIGN'
2019-04-09T07:31:28.616361Z 0 [Note] Shutting down plugin 'INNODB_SYS_FIELDS'
2019-04-09T07:31:28.616363Z 0 [Note] Shutting down plugin 'INNODB_SYS_COLUMNS'
2019-04-09T07:31:28.616365Z 0 [Note] Shutting down plugin 'INNODB_SYS_INDEXES'
2019-04-09T07:31:28.616367Z 0 [Note] Shutting down plugin 'INNODB_SYS_TABLESTATS'
2019-04-09T07:31:28.616368Z 0 [Note] Shutting down plugin 'INNODB_SYS_TABLES'
2019-04-09T07:31:28.616370Z 0 [Note] Shutting down plugin 'INNODB_FT_INDEX_TABLE'
2019-04-09T07:31:28.616373Z 0 [Note] Shutting down plugin 'INNODB_FT_INDEX_CACHE'
2019-04-09T07:31:28.616375Z 0 [Note] Shutting down plugin 'INNODB_FT_CONFIG'
2019-04-09T07:31:28.616377Z 0 [Note] Shutting down plugin 'INNODB_FT_BEING_DELETED'
2019-04-09T07:31:28.616379Z 0 [Note] Shutting down plugin 'INNODB_FT_DELETED'
2019-04-09T07:31:28.616381Z 0 [Note] Shutting down plugin 'INNODB_FT_DEFAULT_STOPWORD'
2019-04-09T07:31:28.616383Z 0 [Note] Shutting down plugin 'INNODB_METRICS'
2019-04-09T07:31:28.616385Z 0 [Note] Shutting down plugin 'INNODB_TEMP_TABLE_INFO'
2019-04-09T07:31:28.616387Z 0 [Note] Shutting down plugin 'INNODB_BUFFER_POOL_STATS'
2019-04-09T07:31:28.616389Z 0 [Note] Shutting down plugin 'INNODB_BUFFER_PAGE_LRU'
2019-04-09T07:31:28.616391Z 0 [Note] Shutting down plugin 'INNODB_BUFFER_PAGE'
2019-04-09T07:31:28.616393Z 0 [Note] Shutting down plugin 'INNODB_CMP_PER_INDEX_RESET'
2019-04-09T07:31:28.616395Z 0 [Note] Shutting down plugin 'INNODB_CMP_PER_INDEX'
2019-04-09T07:31:28.616397Z 0 [Note] Shutting down plugin 'INNODB_CMPMEM_RESET'
2019-04-09T07:31:28.616399Z 0 [Note] Shutting down plugin 'INNODB_CMPMEM'
2019-04-09T07:31:28.616401Z 0 [Note] Shutting down plugin 'INNODB_CMP_RESET'
2019-04-09T07:31:28.616403Z 0 [Note] Shutting down plugin 'INNODB_CMP'
2019-04-09T07:31:28.616406Z 0 [Note] Shutting down plugin 'INNODB_LOCK_WAITS'
2019-04-09T07:31:28.616409Z 0 [Note] Shutting down plugin 'INNODB_LOCKS'
2019-04-09T07:31:28.616412Z 0 [Note] Shutting down plugin 'INNODB_TRX'
2019-04-09T07:31:28.616416Z 0 [Note] Shutting down plugin 'InnoDB'
2019-04-09T07:31:28.617238Z 0 [Note] InnoDB: FTS optimize thread exiting.
2019-04-09T07:31:28.618076Z 0 [Note] InnoDB: Starting shutdown...
2019-04-09T07:31:28.718668Z 0 [Note] InnoDB: Dumping buffer pool(s) to /var/lib/mysql/ib_buffer_pool
2019-04-09T07:31:28.719094Z 0 [Note] InnoDB: Buffer pool(s) dump completed at 190409  7:31:28
2019-04-09T07:31:30.137917Z 0 [Note] InnoDB: Shutdown completed; log sequence number 4697422
2019-04-09T07:31:30.138229Z 0 [Note] InnoDB: Removed temporary tablespace data file: "ibtmp1"
2019-04-09T07:31:30.138249Z 0 [Note] Shutting down plugin 'MEMORY'
2019-04-09T07:31:30.138256Z 0 [Note] Shutting down plugin 'CSV'
2019-04-09T07:31:30.138263Z 0 [Note] Shutting down plugin 'sha256_password'
2019-04-09T07:31:30.138267Z 0 [Note] Shutting down plugin 'mysql_native_password'
2019-04-09T07:31:30.138407Z 0 [Note] Shutting down plugin 'binlog'
2019-04-09T07:31:30.139189Z 0 [Note] /usr/sbin/mysqld: Shutdown complete

2019-04-09T07:31:39.677047Z 0 [Warning] TIMESTAMP with implicit DEFAULT value is deprecated. Please use --explicit_defaults_for_timestamp server option (see documentation for more details).
2019-04-09T07:31:39.677314Z 0 [Note] /usr/sbin/mysqld (mysqld 5.7.23) starting as process 74 ...
2019-04-09T07:31:39.688655Z 0 [Note] InnoDB: PUNCH HOLE support available
2019-04-09T07:31:39.688686Z 0 [Note] InnoDB: Mutexes and rw_locks use GCC atomic builtins
2019-04-09T07:31:39.688690Z 0 [Note] InnoDB: Uses event mutexes
2019-04-09T07:31:39.688693Z 0 [Note] InnoDB: GCC builtin __atomic_thread_fence() is used for memory barrier
2019-04-09T07:31:39.688697Z 0 [Note] InnoDB: Compressed tables use zlib 1.2.3
2019-04-09T07:31:39.688700Z 0 [Note] InnoDB: Using Linux native AIO
2019-04-09T07:31:39.688893Z 0 [Note] InnoDB: Number of pools: 1
2019-04-09T07:31:39.688991Z 0 [Note] InnoDB: Using CPU crc32 instructions
2019-04-09T07:31:39.690551Z 0 [Note] InnoDB: Initializing buffer pool, total size = 32M, instances = 1, chunk size = 32M
2019-04-09T07:31:39.692337Z 0 [Note] InnoDB: Completed initialization of buffer pool
2019-04-09T07:31:39.696548Z 0 [Note] InnoDB: If the mysqld execution user is authorized, page cleaner thread priority can be changed. See the man page of setpriority().
2019-04-09T07:31:39.705152Z 0 [Note] InnoDB: Highest supported file format is Barracuda.
2019-04-09T07:31:39.719090Z 0 [Note] InnoDB: Creating shared tablespace for temporary tables
2019-04-09T07:31:39.719170Z 0 [Note] InnoDB: Setting file './ibtmp1' size to 12 MB. Physically writing the file full; Please wait ...
2019-04-09T07:31:39.786425Z 0 [Note] InnoDB: File './ibtmp1' size is now 12 MB.
2019-04-09T07:31:39.792793Z 0 [Note] InnoDB: 96 redo rollback segment(s) found. 96 redo rollback segment(s) are active.
2019-04-09T07:31:39.792827Z 0 [Note] InnoDB: 32 non-redo rollback segment(s) are active.
2019-04-09T07:31:39.807056Z 0 [Note] InnoDB: Waiting for purge to start
2019-04-09T07:31:39.857345Z 0 [Note] InnoDB: 5.7.23 started; log sequence number 4697422
2019-04-09T07:31:39.860749Z 0 [Note] Plugin 'FEDERATED' is disabled.
2019-04-09T07:31:39.866559Z 0 [Note] InnoDB: Loading buffer pool(s) from /var/lib/mysql/ib_buffer_pool
2019-04-09T07:31:39.867754Z 0 [Note] InnoDB: Buffer pool(s) load completed at 190409  7:31:39
2019-04-09T07:31:39.869014Z 0 [Warning] Failed to set up SSL because of the following SSL library error: SSL context is not usable without certificate and private key
2019-04-09T07:31:39.869039Z 0 [Note] Server hostname (bind-address): '*'; port: 3306
2019-04-09T07:31:39.869096Z 0 [Note] IPv6 is available.
2019-04-09T07:31:39.869114Z 0 [Note]   - '::' resolves to '::';
2019-04-09T07:31:39.869125Z 0 [Note] Server socket created on IP: '::'.
2019-04-09T07:31:39.871142Z 0 [Warning] Insecure configuration for --pid-file: Location '/var/run/mysqld' in the path is accessible to all OS users. Consider choosing a different directory.
2019-04-09T07:31:39.873772Z 0 [Warning] 'user' entry 'root@localhost' ignored in --skip-name-resolve mode.
2019-04-09T07:31:39.873990Z 0 [Warning] 'user' entry 'mysql.session@localhost' ignored in --skip-name-resolve mode.
2019-04-09T07:31:39.874010Z 0 [Warning] 'user' entry 'mysql.sys@localhost' ignored in --skip-name-resolve mode.
2019-04-09T07:31:39.874040Z 0 [Warning] 'db' entry 'performance_schema mysql.session@localhost' ignored in --skip-name-resolve mode.
2019-04-09T07:31:39.874046Z 0 [Warning] 'db' entry 'sys mysql.sys@localhost' ignored in --skip-name-resolve mode.
2019-04-09T07:31:39.874118Z 0 [Warning] 'proxies_priv' entry '@ root@localhost' ignored in --skip-name-resolve mode.
2019-04-09T07:31:39.888415Z 0 [Warning] 'tables_priv' entry 'user mysql.session@localhost' ignored in --skip-name-resolve mode.
2019-04-09T07:31:39.888445Z 0 [Warning] 'tables_priv' entry 'sys_config mysql.sys@localhost' ignored in --skip-name-resolve mode.
2019-04-09T07:31:39.954439Z 0 [Note] Event Scheduler: Loaded 0 events
2019-04-09T07:31:39.967168Z 0 [Note] /usr/sbin/mysqld: ready for connections.
Version: '5.7.23'  socket: '/var/run/mysqld/mysqld.sock'  port: 3306  MySQL Community Server (GPL)
2019-04-09T08:27:03.967380Z 0 [Note] InnoDB: page_cleaner: 1000ms intended loop took 802010ms. The settings might not be optimal. (flushed=0 and evicted=0, during the time.)
2019-04-09T18:03:12.176381Z 0 [Note] InnoDB: page_cleaner: 1000ms intended loop took 471528ms. The settings might not be optimal. (flushed=0 and evicted=0, during the time.)
2019-04-09T18:37:45.975230Z 0 [Note] InnoDB: page_cleaner: 1000ms intended loop took 124462ms. The settings might not be optimal. (flushed=0 and evicted=0, during the time.)
2019-04-10T08:51:36.374326Z 0 [Note] InnoDB: page_cleaner: 1000ms intended loop took 48820277ms. The settings might not be optimal. (flushed=0 and evicted=0, during the time.)
2019-04-10T09:23:54.165793Z 0 [Note] InnoDB: page_cleaner: 1000ms intended loop took 115044ms. The settings might not be optimal. (flushed=0 and evicted=0, during the time.)
2019-04-10T19:18:03.412265Z 0 [Note] InnoDB: page_cleaner: 1000ms intended loop took 8050562ms. The settings might not be optimal. (flushed=0 and evicted=0, during the time.)
2019-04-10T19:50:17.313220Z 0 [Note] InnoDB: page_cleaner: 1000ms intended loop took 53905ms. The settings might not be optimal. (flushed=0 and evicted=0, during the time.)
2019-04-11T03:57:36.068402Z 0 [Note] InnoDB: page_cleaner: 1000ms intended loop took 22627167ms. The settings might not be optimal. (flushed=0 and evicted=0, during the time.)
2019-04-11T04:26:23.811547Z 0 [Note] InnoDB: page_cleaner: 1000ms intended loop took 4371ms. The settings might not be optimal. (flushed=0 and evicted=0, during the time.)
2019-04-11T04:56:00.387636Z 0 [Note] InnoDB: page_cleaner: 1000ms intended loop took 339321ms. The settings might not be optimal. (flushed=0 and evicted=0, during the time.)
2019-04-11T06:06:14.130413Z 0 [Note] InnoDB: page_cleaner: 1000ms intended loop took 314398ms. The settings might not be optimal. (flushed=0 and evicted=0, during the time.)
2019-04-11T07:38:45.744646Z 0 [Note] InnoDB: page_cleaner: 1000ms intended loop took 1643303ms. The settings might not be optimal. (flushed=0 and evicted=0, during the time.)
2019-04-11T08:21:16.800170Z 0 [Note] InnoDB: page_cleaner: 1000ms intended loop took 53424ms. The settings might not be optimal. (flushed=0 and evicted=0, during the time.)
2019-04-11T09:05:10.695911Z 0 [Note] InnoDB: page_cleaner: 1000ms intended loop took 10849ms. The settings might not be optimal. (flushed=0 and evicted=0, during the time.)
2019-04-11T18:37:50.520638Z 0 [Note] InnoDB: page_cleaner: 1000ms intended loop took 16648727ms. The settings might not be optimal. (flushed=0 and evicted=0, during the time.)
2019-04-11T22:24:58.381370Z 0 [Note] InnoDB: page_cleaner: 1000ms intended loop took 1967108ms. The settings might not be optimal. (flushed=0 and evicted=0, during the time.)
2019-04-12T00:39:03.423392Z 0 [Note] InnoDB: page_cleaner: 1000ms intended loop took 4674888ms. The settings might not be optimal. (flushed=0 and evicted=0, during the time.)
